<?xml version="1.0" encoding="UTF-8"?>
<testsuite name="DieTest" tests="2" skipped="0" failures="0" errors="0" timestamp="2020-04-19T17:18:31" hostname="umuzi-admin" time="0.645">
  <properties/>
  <testcase name="numberOfSidesTwentyDie" classname="DieTest" time="0.644"/>
  <testcase name="numberOfSidesSixDie" classname="DieTest" time="0.0"/>
  <system-out><![CDATA[]]></system-out>
  <system-err><![CDATA[]]></system-err>
</testsuite>
